Timestamp: 2025-10-28T18:36:45.340724
Dataset: pokec
Dataset directory: /home/zhangshangtong/Window_algorithm/GCNAX/Nowtest/datasets/txt_file/pokec

Dataset Overview:
  Nodes: 1632804
  Directed edges: 30622564
  Undirected edges: 22301964
  Average degree (undirected): 27.32

Configuration Parameters:
  T_ABS: 30
  Smoothing window: 3 (mode: mean)
  T_BAND: 128
  HDN Top-K per partition: 4096
  Requested partitions: 128
  HDN-SPM size: 512 KB
  Global Cache size: 32 KB
  SMB size: 12 KB
  Index CAM size: 12 KB
  Feature length: 16
  Feature dtype bytes: 8
  MAC array shape: (1, 16)
  Large band profiling rows: 32
  Window shapes: [(8, 1), (4, 2), (2, 4), (1, 8)]

Partition Summary:
  Strategy: metis
  Requested partitions: 128
  Actual partitions: 128
  Partition sizes: [12389, 13139, 12647, 12390, 12386, 13105, 13139, 13136, 13139, 13139, 13134, 13137, 13139, 12387, 13139, 12389, 13139, 13138, 12387, 13139, 13139, 13128, 12883, 13026, 13139, 13139, 13139, 13135, 13139, 13139, 12393, 13139, 12385, 12393, 13139, 12386, 13138, 12389, 13139, 12392, 13139, 12385, 13139, 12384, 12386, 12385, 12387, 12386, 13139, 13139, 13107, 12390, 13139, 12395, 12384, 12385, 13139, 12384, 12384, 13139, 13139, 12384, 13139, 12386, 12385, 12387, 13134, 13139, 12389, 12384, 13042, 12384, 12607, 12385, 12386, 12384, 12388, 12384, 12529, 13139, 13139, 12388, 13106, 13139, 12386, 12511, 13139, 12390, 12532, 13139, 13139, 13134, 13137, 12385, 12384, 13137, 13138, 12387, 12387, 13139, 13139, 12384, 13139, 13137, 13137, 12895, 12386, 12394, 12982, 12384, 13138, 12384, 12392, 12384, 12385, 13135, 13139, 13139, 12381, 12419, 12389, 13139, 12393, 12384, 12384, 12387, 12388, 12386]

Band Summary:
  Total bands: 75552
  Small bands: 74518
  Large bands: 1034
  HDNs in small bands: 398169 (75.94% of all HDNs)
  HDNs in large bands: 126119 (24.06% of all HDNs)
  LDNs in small bands: 263739 (23.79% of all LDNs)
  LDNs in large bands: 844777 (76.21% of all LDNs)
  Large band details:
    - Rows [2850, 3035], length: 186
    - Rows [3138, 3333], length: 196
    - Rows [3465, 3612], length: 148
    - Rows [3704, 3863], length: 160
    - Rows [3864, 4057], length: 194
    - Rows [4403, 4716], length: 314
    - Rows [4803, 5061], length: 259
    - Rows [5062, 5411], length: 350
    - Rows [5412, 6427], length: 1016
    - Rows [6428, 12390], length: 5963
    - Rows [18039, 18180], length: 142
    - Rows [18242, 18387], length: 146
    - Rows [18688, 18840], length: 153
    - Rows [18992, 19426], length: 435
    - Rows [19526, 19983], length: 458
    - Rows [20096, 20477], length: 382
    - Rows [20560, 25528], length: 4969
    - Rows [29529, 29670], length: 142
    - Rows [30242, 30392], length: 151
    - Rows [30465, 30724], length: 260
    - Rows [30728, 31142], length: 415
    - Rows [31146, 31274], length: 129
    - Rows [31275, 31581], length: 307
    - Rows [31684, 31973], length: 290
    - Rows [31974, 32164], length: 191
    - Rows [32168, 32530], length: 363
    - Rows [32640, 34097], length: 1458
    - Rows [34098, 38174], length: 4077
    - Rows [41869, 42109], length: 241
    - Rows [42110, 42523], length: 414
    - Rows [42529, 44021], length: 1493
    - Rows [44025, 48031], length: 4007
    - Rows [48032, 50586], length: 2555
    - Rows [54207, 54350], length: 144
    - Rows [54351, 54628], length: 278
    - Rows [54867, 55462], length: 596
    - Rows [55609, 56148], length: 540
    - Rows [56211, 57637], length: 1427
    - Rows [57641, 57992], length: 352
    - Rows [57993, 62952], length: 4960
    - Rows [64227, 64360], length: 134
    - Rows [64361, 64488], length: 128
    - Rows [64616, 64869], length: 254
    - Rows [65110, 65253], length: 144
    - Rows [65564, 65694], length: 131
    - Rows [65845, 66101], length: 257
    - Rows [66230, 66505], length: 276
    - Rows [66689, 67075], length: 387
    - Rows [67079, 68777], length: 1699
    - Rows [68778, 70046], length: 1269
    - Rows [70113, 76055], length: 5943
    - Rows [83091, 83279], length: 189
    - Rows [83861, 84194], length: 334
    - Rows [84283, 84462], length: 180
    - Rows [84463, 84598], length: 136
    - Rows [84639, 85464], length: 826
    - Rows [85468, 85747], length: 280
    - Rows [85751, 89199], length: 3449
    - Rows [93743, 94022], length: 280
    - Rows [94334, 94589], length: 256
    - Rows [95257, 95456], length: 200
    - Rows [95460, 95692], length: 233
    - Rows [95693, 95899], length: 207
    - Rows [95900, 97297], length: 1398
    - Rows [97301, 102329], length: 5029
    - Rows [106953, 107089], length: 137
    - Rows [107270, 107421], length: 152
    - Rows [107428, 107625], length: 198
    - Rows [107801, 108005], length: 205
    - Rows [108006, 108199], length: 194
    - Rows [108231, 108407], length: 177
    - Rows [108450, 108748], length: 299
    - Rows [108749, 108912], length: 164
    - Rows [108940, 110594], length: 1655
    - Rows [110598, 115480], length: 4883
    - Rows [117671, 118066], length: 396
    - Rows [118237, 118879], length: 643
    - Rows [119049, 119653], length: 605
    - Rows [119654, 121208], length: 1555
    - Rows [121209, 122926], length: 1718
    - Rows [122927, 123322], length: 396
    - Rows [123323, 128613], length: 5291
    - Rows [133162, 133301], length: 140
    - Rows [133896, 134144], length: 249
    - Rows [134246, 134506], length: 261
    - Rows [134507, 134698], length: 192
    - Rows [134702, 135917], length: 1216
    - Rows [135921, 136822], length: 902
    - Rows [136904, 137689], length: 786
    - Rows [137693, 141751], length: 4059
    - Rows [147804, 148195], length: 392
    - Rows [148330, 148845], length: 516
    - Rows [148849, 154880], length: 6032
    - Rows [158855, 158989], length: 135
    - Rows [160080, 160209], length: 130
    - Rows [160811, 160959], length: 149
    - Rows [161008, 161220], length: 213
    - Rows [161308, 161542], length: 235
    - Rows [161543, 161801], length: 259
    - Rows [161802, 161933], length: 132
    - Rows [162196, 162396], length: 201
    - Rows [162400, 162563], length: 164
    - Rows [162567, 162704], length: 138
    - Rows [162705, 163328], length: 624
    - Rows [163332, 168031], length: 4700
    - Rows [172611, 172752], length: 142
    - Rows [172756, 172890], length: 135
    - Rows [172891, 173024], length: 134
    - Rows [173025, 173293], length: 269
    - Rows [173401, 173583], length: 183
    - Rows [173868, 174199], length: 332
    - Rows [174200, 180408], length: 6209
    - Rows [186767, 186961], length: 195
    - Rows [187106, 187413], length: 308
    - Rows [187471, 187607], length: 137
    - Rows [187805, 188642], length: 838
    - Rows [188646, 193543], length: 4898
    - Rows [197813, 197958], length: 146
    - Rows [197994, 198142], length: 149
    - Rows [198146, 198387], length: 242
    - Rows [198513, 198670], length: 158
    - Rows [198940, 199151], length: 212
    - Rows [199230, 199427], length: 198
    - Rows [199493, 199722], length: 230
    - Rows [199726, 200587], length: 862
    - Rows [200591, 205933], length: 5343
    - Rows [210780, 210940], length: 161
    - Rows [211713, 211878], length: 166
    - Rows [212426, 212579], length: 154
    - Rows [212580, 213203], length: 624
    - Rows [213306, 213557], length: 252
    - Rows [213558, 213829], length: 272
    - Rows [213833, 214392], length: 560
    - Rows [214396, 219071], length: 4676
    - Rows [223950, 224154], length: 205
    - Rows [224155, 224615], length: 461
    - Rows [224619, 225184], length: 566
    - Rows [225188, 225839], length: 652
    - Rows [225840, 226014], length: 175
    - Rows [226018, 232209], length: 6192
    - Rows [236866, 237053], length: 188
    - Rows [237203, 237478], length: 276
    - Rows [237479, 237642], length: 164
    - Rows [237714, 237883], length: 170
    - Rows [237887, 238037], length: 151
    - Rows [238528, 238664], length: 137
    - Rows [238737, 238875], length: 139
    - Rows [238967, 244607], length: 5641
    - Rows [248316, 248527], length: 212
    - Rows [248870, 249029], length: 160
    - Rows [249030, 249260], length: 231
    - Rows [249762, 249935], length: 174
    - Rows [249998, 250276], length: 279
    - Rows [250446, 250702], length: 257
    - Rows [250703, 250942], length: 240
    - Rows [250943, 251211], length: 269
    - Rows [251212, 251926], length: 715
    - Rows [251927, 257735], length: 5809
    - Rows [261938, 262084], length: 147
    - Rows [263490, 263761], length: 272
    - Rows [263871, 264224], length: 354
    - Rows [264228, 264369], length: 142
    - Rows [264693, 264915], length: 223
    - Rows [265022, 265456], length: 435
    - Rows [265505, 270876], length: 5372
    - Rows [274545, 274797], length: 253
    - Rows [275140, 275278], length: 139
    - Rows [275403, 275749], length: 347
    - Rows [275750, 276096], length: 347
    - Rows [276097, 276254], length: 158
    - Rows [276259, 276630], length: 372
    - Rows [276631, 276773], length: 143
    - Rows [276777, 279313], length: 2537
    - Rows [279314, 279681], length: 368
    - Rows [279682, 280044], length: 363
    - Rows [280048, 280232], length: 185
    - Rows [280233, 280463], length: 231
    - Rows [280557, 284002], length: 3446
    - Rows [287776, 287910], length: 135
    - Rows [288375, 288632], length: 258
    - Rows [288674, 288967], length: 294
    - Rows [289110, 289643], length: 534
    - Rows [289644, 290283], length: 640
    - Rows [290284, 291436], length: 1153
    - Rows [291437, 296886], length: 5450
    - Rows [299172, 299322], length: 151
    - Rows [300644, 300908], length: 265
    - Rows [300909, 301101], length: 193
    - Rows [301136, 301267], length: 132
    - Rows [301441, 301824], length: 384
    - Rows [301828, 302290], length: 463
    - Rows [302291, 303021], length: 731
    - Rows [303022, 309912], length: 6891
    - Rows [314702, 315281], length: 580
    - Rows [315301, 315569], length: 269
    - Rows [315833, 315991], length: 159
    - Rows [315992, 316311], length: 320
    - Rows [316408, 316606], length: 199
    - Rows [316610, 316749], length: 140
    - Rows [316781, 317228], length: 448
    - Rows [317232, 323073], length: 5842
    - Rows [325890, 326035], length: 146
    - Rows [326049, 326229], length: 181
    - Rows [326230, 326482], length: 253
    - Rows [326486, 326672], length: 187
    - Rows [327239, 327450], length: 212
    - Rows [327451, 327652], length: 202
    - Rows [327722, 327920], length: 199
    - Rows [327921, 328236], length: 316
    - Rows [328237, 328916], length: 680
    - Rows [328917, 329322], length: 406
    - Rows [329326, 329724], length: 399
    - Rows [329725, 332263], length: 2539
    - Rows [332264, 336190], length: 3927
    - Rows [340617, 340760], length: 144
    - Rows [341109, 341324], length: 216
    - Rows [341460, 341780], length: 321
    - Rows [341781, 342000], length: 220
    - Rows [342064, 342252], length: 189
    - Rows [342379, 343927], length: 1549
    - Rows [343931, 349332], length: 5402
    - Rows [352613, 352767], length: 155
    - Rows [352775, 352936], length: 162
    - Rows [353137, 353564], length: 428
    - Rows [353769, 354446], length: 678
    - Rows [354447, 354666], length: 220
    - Rows [354863, 362466], length: 7604
    - Rows [365128, 365267], length: 140
    - Rows [365346, 365497], length: 152
    - Rows [365501, 365645], length: 145
    - Rows [365908, 366185], length: 278
    - Rows [366194, 366350], length: 157
    - Rows [366354, 366768], length: 415
    - Rows [366872, 367148], length: 277
    - Rows [367237, 367373], length: 137
    - Rows [367377, 367546], length: 170
    - Rows [367547, 375604], length: 8058
    - Rows [381084, 381271], length: 188
    - Rows [381473, 381626], length: 154
    - Rows [381840, 382050], length: 211
    - Rows [382365, 382551], length: 187
    - Rows [382746, 382990], length: 245
    - Rows [382991, 383188], length: 198
    - Rows [383189, 388741], length: 5553
    - Rows [391899, 392098], length: 200
    - Rows [392484, 392775], length: 292
    - Rows [393009, 393203], length: 195
    - Rows [393258, 393673], length: 416
    - Rows [393810, 394755], length: 946
    - Rows [394756, 401136], length: 6381
    - Rows [405718, 405850], length: 133
    - Rows [407244, 407473], length: 230
    - Rows [407477, 407688], length: 212
    - Rows [407763, 408437], length: 675
    - Rows [408438, 408642], length: 205
    - Rows [408723, 414273], length: 5551
    - Rows [418367, 418521], length: 155
    - Rows [418784, 418912], length: 129
    - Rows [419078, 419234], length: 157
    - Rows [419485, 419623], length: 139
    - Rows [420027, 420162], length: 136
    - Rows [420163, 420312], length: 150
    - Rows [420377, 420588], length: 212
    - Rows [420589, 420992], length: 404
    - Rows [420996, 421516], length: 521
    - Rows [421520, 421810], length: 291
    - Rows [421857, 422770], length: 914
    - Rows [422771, 423706], length: 936
    - Rows [423707, 426662], length: 2956
    - Rows [428792, 428934], length: 143
    - Rows [429108, 429241], length: 134
    - Rows [429412, 429582], length: 171
    - Rows [429721, 429927], length: 207
    - Rows [430156, 430416], length: 261
    - Rows [431010, 431285], length: 276
    - Rows [431464, 431604], length: 141
    - Rows [432019, 432448], length: 430
    - Rows [432562, 439053], length: 6492
    - Rows [444362, 444503], length: 142
    - Rows [444726, 444951], length: 226
    - Rows [445738, 445898], length: 161
    - Rows [445902, 446064], length: 163
    - Rows [446065, 446264], length: 200
    - Rows [446268, 446519], length: 252
    - Rows [446585, 446770], length: 186
    - Rows [446781, 447056], length: 276
    - Rows [447222, 447693], length: 472
    - Rows [447694, 447850], length: 157
    - Rows [447854, 448232], length: 379
    - Rows [448233, 452192], length: 3960
    - Rows [456314, 456497], length: 184
    - Rows [456802, 456980], length: 179
    - Rows [457287, 457627], length: 341
    - Rows [457635, 458030], length: 396
    - Rows [458034, 459071], length: 1038
    - Rows [459075, 464578], length: 5504
    - Rows [466655, 466807], length: 153
    - Rows [468113, 468242], length: 130
    - Rows [468246, 468423], length: 178
    - Rows [468699, 468944], length: 246
    - Rows [468991, 469354], length: 364
    - Rows [469384, 469600], length: 217
    - Rows [469751, 469879], length: 129
    - Rows [470002, 470173], length: 172
    - Rows [470174, 470399], length: 226
    - Rows [470400, 470612], length: 213
    - Rows [470616, 471613], length: 998
    - Rows [471614, 472057], length: 444
    - Rows [472125, 472550], length: 426
    - Rows [472551, 473235], length: 685
    - Rows [473239, 473903], length: 665
    - Rows [473907, 474072], length: 166
    - Rows [474073, 477715], length: 3643
    - Rows [482438, 482626], length: 189
    - Rows [483013, 483236], length: 224
    - Rows [483237, 483613], length: 377
    - Rows [483642, 484678], length: 1037
    - Rows [484682, 486024], length: 1343
    - Rows [486028, 490103], length: 4076
    - Rows [496093, 496395], length: 303
    - Rows [497227, 497433], length: 207
    - Rows [497470, 497624], length: 155
    - Rows [497643, 497925], length: 283
    - Rows [497926, 498077], length: 152
    - Rows [498078, 498477], length: 400
    - Rows [498481, 498649], length: 169
    - Rows [499165, 503250], length: 4086
    - Rows [507377, 507535], length: 159
    - Rows [507827, 507981], length: 155
    - Rows [508214, 508443], length: 230
    - Rows [508585, 508804], length: 220
    - Rows [508808, 509538], length: 731
    - Rows [509539, 509757], length: 219
    - Rows [509761, 510063], length: 303
    - Rows [510064, 510527], length: 464
    - Rows [510528, 511466], length: 939
    - Rows [511470, 515640], length: 4171
    - Rows [521378, 521569], length: 192
    - Rows [521681, 521810], length: 130
    - Rows [521814, 522000], length: 187
    - Rows [522025, 522298], length: 274
    - Rows [522468, 522806], length: 339
    - Rows [522807, 523004], length: 198
    - Rows [523005, 523202], length: 198
    - Rows [523206, 523414], length: 209
    - Rows [523415, 528779], length: 5365
    - Rows [530687, 530963], length: 277
    - Rows [530964, 531353], length: 390
    - Rows [531357, 531888], length: 532
    - Rows [531889, 532022], length: 134
    - Rows [532089, 532286], length: 198
    - Rows [532461, 533503], length: 1043
    - Rows [533504, 535760], length: 2257
    - Rows [535761, 541160], length: 5400
    - Rows [545842, 546001], length: 160
    - Rows [546679, 546998], length: 320
    - Rows [547002, 547153], length: 152
    - Rows [547177, 547610], length: 434
    - Rows [547706, 547939], length: 234
    - Rows [548156, 548373], length: 218
    - Rows [548388, 549018], length: 631
    - Rows [549022, 549307], length: 286
    - Rows [549311, 549596], length: 286
    - Rows [549600, 554297], length: 4698
    - Rows [558831, 558991], length: 161
    - Rows [559393, 559801], length: 409
    - Rows [559864, 560230], length: 367
    - Rows [560292, 561011], length: 720
    - Rows [561015, 562216], length: 1202
    - Rows [562220, 566683], length: 4464
    - Rows [571277, 571416], length: 140
    - Rows [571519, 571653], length: 135
    - Rows [572684, 572814], length: 131
    - Rows [572815, 573657], length: 843
    - Rows [573719, 579079], length: 5361
    - Rows [581224, 581448], length: 225
    - Rows [581911, 582038], length: 128
    - Rows [582309, 582503], length: 195
    - Rows [582563, 582716], length: 154
    - Rows [582741, 583032], length: 292
    - Rows [583170, 583445], length: 276
    - Rows [583596, 584195], length: 600
    - Rows [584199, 584422], length: 224
    - Rows [584426, 584796], length: 371
    - Rows [584800, 585209], length: 410
    - Rows [585213, 591456], length: 6244
    - Rows [596762, 596899], length: 138
    - Rows [597112, 597280], length: 169
    - Rows [597430, 597666], length: 237
    - Rows [597681, 598218], length: 538
    - Rows [598324, 598961], length: 638
    - Rows [598962, 601290], length: 2329
    - Rows [601291, 603839], length: 2549
    - Rows [608738, 608872], length: 135
    - Rows [608941, 609135], length: 195
    - Rows [609233, 609378], length: 146
    - Rows [609724, 609971], length: 248
    - Rows [609972, 610250], length: 279
    - Rows [610251, 610470], length: 220
    - Rows [610471, 616243], length: 5773
    - Rows [619298, 619425], length: 128
    - Rows [621214, 621557], length: 344
    - Rows [621567, 621777], length: 211
    - Rows [621781, 622248], length: 468
    - Rows [622252, 622764], length: 513
    - Rows [622775, 624064], length: 1290
    - Rows [624065, 629370], length: 5306
    - Rows [634036, 634168], length: 133
    - Rows [636043, 636208], length: 166
    - Rows [636314, 636485], length: 172
    - Rows [636489, 636743], length: 255
    - Rows [636747, 637412], length: 666
    - Rows [637413, 637550], length: 138
    - Rows [637551, 637712], length: 162
    - Rows [637713, 637848], length: 136
    - Rows [637852, 638822], length: 971
    - Rows [638823, 642504], length: 3682
    - Rows [645659, 645799], length: 141
    - Rows [646438, 646585], length: 148
    - Rows [646961, 647162], length: 202
    - Rows [647586, 647790], length: 205
    - Rows [647959, 648168], length: 210
    - Rows [648169, 649678], length: 1510
    - Rows [649679, 650364], length: 686
    - Rows [650365, 650872], length: 508
    - Rows [650876, 655612], length: 4737
    - Rows [660230, 660424], length: 195
    - Rows [661106, 661243], length: 138
    - Rows [662031, 662231], length: 201
    - Rows [662232, 662420], length: 189
    - Rows [662421, 668000], length: 5580
    - Rows [674160, 674297], length: 138
    - Rows [674430, 674609], length: 180
    - Rows [674613, 674741], length: 129
    - Rows [674745, 674932], length: 188
    - Rows [674977, 675222], length: 246
    - Rows [675296, 675440], length: 145
    - Rows [675485, 675811], length: 327
    - Rows [675900, 676725], length: 826
    - Rows [676726, 676988], length: 263
    - Rows [677010, 677175], length: 166
    - Rows [677179, 681140], length: 3962
    - Rows [684755, 684904], length: 150
    - Rows [685227, 685415], length: 189
    - Rows [685416, 685581], length: 166
    - Rows [685757, 685958], length: 202
    - Rows [686085, 686240], length: 156
    - Rows [686305, 686747], length: 443
    - Rows [686758, 686937], length: 180
    - Rows [686941, 687321], length: 381
    - Rows [687322, 693539], length: 6218
    - Rows [696840, 696981], length: 142
    - Rows [697135, 697483], length: 349
    - Rows [697525, 697710], length: 186
    - Rows [697711, 697854], length: 144
    - Rows [697858, 698070], length: 213
    - Rows [698074, 698784], length: 711
    - Rows [698785, 698980], length: 196
    - Rows [698981, 699811], length: 831
    - Rows [699812, 705920], length: 6109
    - Rows [710065, 710246], length: 182
    - Rows [710247, 710384], length: 138
    - Rows [710537, 710756], length: 220
    - Rows [710949, 711152], length: 204
    - Rows [711153, 711485], length: 333
    - Rows [711486, 713640], length: 2155
    - Rows [713644, 718304], length: 4661
    - Rows [724798, 724978], length: 181
    - Rows [724994, 725216], length: 223
    - Rows [725370, 725733], length: 364
    - Rows [725781, 725909], length: 129
    - Rows [725910, 726104], length: 195
    - Rows [726331, 726829], length: 499
    - Rows [726830, 727531], length: 702
    - Rows [727532, 731450], length: 3919
    - Rows [734809, 735004], length: 196
    - Rows [736268, 736440], length: 173
    - Rows [736441, 736984], length: 544
    - Rows [736985, 737190], length: 206
    - Rows [737245, 737964], length: 720
    - Rows [737968, 743827], length: 5860
    - Rows [746742, 746944], length: 203
    - Rows [747323, 747618], length: 296
    - Rows [747619, 747941], length: 323
    - Rows [747942, 748124], length: 183
    - Rows [748128, 748391], length: 264
    - Rows [748392, 756211], length: 7820
    - Rows [761845, 761992], length: 148
    - Rows [762000, 762164], length: 165
    - Rows [762168, 762398], length: 231
    - Rows [762402, 762541], length: 140
    - Rows [762755, 762947], length: 193
    - Rows [762948, 763550], length: 603
    - Rows [763664, 765100], length: 1437
    - Rows [765104, 769352], length: 4249
    - Rows [774714, 774898], length: 185
    - Rows [775559, 775692], length: 134
    - Rows [776892, 777380], length: 489
    - Rows [777384, 778137], length: 754
    - Rows [778138, 782495], length: 4358
    - Rows [784501, 784860], length: 360
    - Rows [785136, 785272], length: 137
    - Rows [785335, 785507], length: 173
    - Rows [785511, 785718], length: 208
    - Rows [785778, 786026], length: 249
    - Rows [786030, 786393], length: 364
    - Rows [786394, 786651], length: 258
    - Rows [786652, 787313], length: 662
    - Rows [787417, 787821], length: 405
    - Rows [787822, 788629], length: 808
    - Rows [788630, 788919], length: 290
    - Rows [788920, 789310], length: 391
    - Rows [789314, 789992], length: 679
    - Rows [789996, 794881], length: 4886
    - Rows [798698, 798827], length: 130
    - Rows [799388, 799638], length: 251
    - Rows [799639, 799815], length: 177
    - Rows [800629, 801183], length: 555
    - Rows [801256, 802239], length: 984
    - Rows [802243, 808012], length: 5770
    - Rows [812865, 813009], length: 145
    - Rows [813256, 813566], length: 311
    - Rows [813606, 814212], length: 607
    - Rows [814231, 814404], length: 174
    - Rows [814405, 816773], length: 2369
    - Rows [816774, 820404], length: 3631
    - Rows [824103, 824303], length: 201
    - Rows [824467, 824634], length: 168
    - Rows [825201, 825406], length: 206
    - Rows [825997, 826158], length: 162
    - Rows [826162, 826340], length: 179
    - Rows [826341, 826476], length: 136
    - Rows [826477, 826917], length: 441
    - Rows [826918, 827239], length: 322
    - Rows [827243, 829389], length: 2147
    - Rows [829390, 832804], length: 3415
    - Rows [837126, 837322], length: 197
    - Rows [837327, 837473], length: 147
    - Rows [837543, 837699], length: 157
    - Rows [838551, 838958], length: 408
    - Rows [839153, 839356], length: 204
    - Rows [839357, 839730], length: 374
    - Rows [839762, 845173], length: 5412
    - Rows [849252, 849419], length: 168
    - Rows [849701, 849848], length: 148
    - Rows [850219, 850400], length: 182
    - Rows [850401, 850664], length: 264
    - Rows [850670, 850974], length: 305
    - Rows [850993, 851457], length: 465
    - Rows [851461, 851727], length: 267
    - Rows [851816, 854203], length: 2388
    - Rows [854204, 854871], length: 668
    - Rows [854872, 858303], length: 3432
    - Rows [862930, 863076], length: 147
    - Rows [863966, 864110], length: 145
    - Rows [865192, 865339], length: 148
    - Rows [865799, 865945], length: 147
    - Rows [865946, 866120], length: 175
    - Rows [866222, 866783], length: 562
    - Rows [866860, 871445], length: 4586
    - Rows [874857, 874986], length: 130
    - Rows [875848, 876001], length: 154
    - Rows [876240, 876408], length: 169
    - Rows [876409, 876723], length: 315
    - Rows [876724, 876903], length: 180
    - Rows [876904, 877598], length: 695
    - Rows [877599, 877800], length: 202
    - Rows [877801, 879152], length: 1352
    - Rows [879153, 883838], length: 4686
    - Rows [888370, 888522], length: 153
    - Rows [888541, 888733], length: 193
    - Rows [889362, 889501], length: 140
    - Rows [889502, 889654], length: 153
    - Rows [889658, 889854], length: 197
    - Rows [889923, 890281], length: 359
    - Rows [890282, 890565], length: 284
    - Rows [890566, 891068], length: 503
    - Rows [891069, 891607], length: 539
    - Rows [891611, 896215], length: 4605
    - Rows [901094, 901232], length: 139
    - Rows [901770, 902039], length: 270
    - Rows [902246, 902426], length: 181
    - Rows [902500, 902644], length: 145
    - Rows [902645, 903252], length: 608
    - Rows [903256, 904013], length: 758
    - Rows [904014, 904171], length: 158
    - Rows [904175, 909258], length: 5084
    - Rows [912147, 912290], length: 144
    - Rows [912909, 913039], length: 131
    - Rows [913043, 913194], length: 152
    - Rows [913634, 913768], length: 135
    - Rows [914020, 914192], length: 173
    - Rows [914570, 914713], length: 144
    - Rows [914717, 915231], length: 515
    - Rows [915235, 915371], length: 137
    - Rows [915372, 916306], length: 935
    - Rows [916310, 921642], length: 5333
    - Rows [927235, 927388], length: 154
    - Rows [927507, 927672], length: 166
    - Rows [927676, 927824], length: 149
    - Rows [928069, 928347], length: 279
    - Rows [928348, 928636], length: 289
    - Rows [928637, 928878], length: 242
    - Rows [928974, 929115], length: 142
    - Rows [929116, 934248], length: 5133
    - Rows [938981, 939111], length: 131
    - Rows [939395, 939522], length: 128
    - Rows [939611, 939818], length: 208
    - Rows [940380, 940624], length: 245
    - Rows [940625, 940937], length: 313
    - Rows [940938, 941104], length: 167
    - Rows [941142, 941582], length: 441
    - Rows [941583, 942062], length: 480
    - Rows [942066, 942674], length: 609
    - Rows [942675, 946633], length: 3959
    - Rows [952792, 952928], length: 137
    - Rows [952929, 953075], length: 147
    - Rows [953311, 953467], length: 157
    - Rows [953468, 953691], length: 224
    - Rows [953859, 954038], length: 180
    - Rows [954039, 954354], length: 316
    - Rows [954358, 954872], length: 515
    - Rows [954910, 959019], length: 4110
    - Rows [961656, 961834], length: 179
    - Rows [963145, 963419], length: 275
    - Rows [963432, 963567], length: 136
    - Rows [963568, 964134], length: 567
    - Rows [964138, 971404], length: 7267
    - Rows [975627, 975797], length: 171
    - Rows [976766, 977213], length: 448
    - Rows [977431, 977610], length: 180
    - Rows [977687, 978383], length: 697
    - Rows [978387, 978665], length: 279
    - Rows [978669, 983796], length: 5128
    - Rows [988779, 988929], length: 151
    - Rows [989091, 989239], length: 149
    - Rows [989374, 989629], length: 256
    - Rows [989719, 989957], length: 239
    - Rows [989958, 990757], length: 800
    - Rows [990761, 996182], length: 5422
    - Rows [997108, 997269], length: 162
    - Rows [997888, 998020], length: 133
    - Rows [998254, 998414], length: 161
    - Rows [998576, 998706], length: 131
    - Rows [999338, 999481], length: 144
    - Rows [999745, 999901], length: 157
    - Rows [999939, 1000409], length: 471
    - Rows [1000413, 1002897], length: 2485
    - Rows [1002901, 1008706], length: 5806
    - Rows [1015415, 1015545], length: 131
    - Rows [1015660, 1015883], length: 224
    - Rows [1016349, 1016729], length: 381
    - Rows [1016941, 1017644], length: 704
    - Rows [1017648, 1017959], length: 312
    - Rows [1017960, 1021843], length: 3884
    - Rows [1026484, 1026680], length: 197
    - Rows [1027570, 1027854], length: 285
    - Rows [1028097, 1028277], length: 181
    - Rows [1028413, 1028610], length: 198
    - Rows [1028629, 1028772], length: 144
    - Rows [1028904, 1029059], length: 156
    - Rows [1029155, 1029882], length: 728
    - Rows [1029883, 1034982], length: 5100
    - Rows [1037900, 1038039], length: 140
    - Rows [1038309, 1038462], length: 154
    - Rows [1038778, 1038948], length: 171
    - Rows [1039203, 1039514], length: 312
    - Rows [1039806, 1039962], length: 157
    - Rows [1040289, 1040556], length: 268
    - Rows [1040585, 1047380], length: 6796
    - Rows [1049815, 1049999], length: 185
    - Rows [1052048, 1052352], length: 305
    - Rows [1052447, 1052647], length: 201
    - Rows [1052757, 1053089], length: 333
    - Rows [1053090, 1053298], length: 209
    - Rows [1053299, 1053596], length: 298
    - Rows [1053648, 1053923], length: 276
    - Rows [1053924, 1055890], length: 1967
    - Rows [1055894, 1060479], length: 4586
    - Rows [1070028, 1070208], length: 181
    - Rows [1070214, 1070347], length: 134
    - Rows [1070462, 1070590], length: 129
    - Rows [1070594, 1070804], length: 211
    - Rows [1070978, 1073615], length: 2638
    - Rows [1078890, 1079088], length: 199
    - Rows [1079423, 1080144], length: 722
    - Rows [1080148, 1086011], length: 5864
    - Rows [1089299, 1089449], length: 151
    - Rows [1091411, 1091540], length: 130
    - Rows [1091708, 1091975], length: 268
    - Rows [1091979, 1092455], length: 477
    - Rows [1092567, 1092793], length: 227
    - Rows [1092859, 1093577], length: 719
    - Rows [1093581, 1094979], length: 1399
    - Rows [1094983, 1098523], length: 3541
    - Rows [1103450, 1103628], length: 179
    - Rows [1103629, 1103841], length: 213
    - Rows [1103969, 1104331], length: 363
    - Rows [1104530, 1104878], length: 349
    - Rows [1104883, 1105096], length: 214
    - Rows [1105154, 1105400], length: 247
    - Rows [1105401, 1105610], length: 210
    - Rows [1105616, 1105842], length: 227
    - Rows [1105843, 1106071], length: 229
    - Rows [1106075, 1109002], length: 2928
    - Rows [1109003, 1111676], length: 2674
    - Rows [1114711, 1114849], length: 139
    - Rows [1115572, 1115717], length: 146
    - Rows [1115955, 1116135], length: 181
    - Rows [1116211, 1116398], length: 188
    - Rows [1116399, 1116526], length: 128
    - Rows [1116527, 1117643], length: 1117
    - Rows [1117647, 1124043], length: 6397
    - Rows [1126784, 1126924], length: 141
    - Rows [1127584, 1127776], length: 193
    - Rows [1127777, 1128173], length: 397
    - Rows [1128177, 1128401], length: 225
    - Rows [1128443, 1128576], length: 134
    - Rows [1128629, 1128840], length: 212
    - Rows [1128942, 1129489], length: 548
    - Rows [1129493, 1130780], length: 1288
    - Rows [1130784, 1135273], length: 4490
    - Rows [1135277, 1136588], length: 1312
    - Rows [1142810, 1142948], length: 139
    - Rows [1143124, 1143285], length: 162
    - Rows [1143398, 1143552], length: 155
    - Rows [1143575, 1143749], length: 175
    - Rows [1143750, 1143930], length: 181
    - Rows [1144110, 1144485], length: 376
    - Rows [1144599, 1144748], length: 150
    - Rows [1144857, 1145145], length: 289
    - Rows [1145146, 1145364], length: 219
    - Rows [1145365, 1149712], length: 4348
    - Rows [1155410, 1155626], length: 217
    - Rows [1155632, 1155777], length: 146
    - Rows [1155906, 1156107], length: 202
    - Rows [1156108, 1156766], length: 659
    - Rows [1157049, 1157452], length: 404
    - Rows [1157456, 1157600], length: 145
    - Rows [1157601, 1157783], length: 183
    - Rows [1157784, 1161245], length: 3462
    - Rows [1161249, 1162854], length: 1606
    - Rows [1164704, 1164851], length: 148
    - Rows [1164985, 1165154], length: 170
    - Rows [1165265, 1165399], length: 135
    - Rows [1165712, 1165881], length: 170
    - Rows [1165885, 1166155], length: 271
    - Rows [1166286, 1166786], length: 501
    - Rows [1166883, 1167184], length: 302
    - Rows [1167188, 1167540], length: 353
    - Rows [1167541, 1168148], length: 608
    - Rows [1168155, 1175986], length: 7832
    - Rows [1180864, 1180998], length: 135
    - Rows [1181722, 1181897], length: 176
    - Rows [1181992, 1182221], length: 230
    - Rows [1182222, 1182555], length: 334
    - Rows [1182662, 1182798], length: 137
    - Rows [1182985, 1183161], length: 177
    - Rows [1183165, 1183383], length: 219
    - Rows [1183387, 1183656], length: 270
    - Rows [1183745, 1184877], length: 1133
    - Rows [1184878, 1185437], length: 560
    - Rows [1185438, 1189141], length: 3704
    - Rows [1191886, 1192179], length: 294
    - Rows [1192473, 1192624], length: 152
    - Rows [1192919, 1193069], length: 151
    - Rows [1193073, 1193218], length: 146
    - Rows [1193219, 1193432], length: 214
    - Rows [1193436, 1195000], length: 1565
    - Rows [1195062, 1201515], length: 6454
    - Rows [1204814, 1204958], length: 145
    - Rows [1205538, 1205698], length: 161
    - Rows [1206338, 1206510], length: 173
    - Rows [1206548, 1206882], length: 335
    - Rows [1207076, 1207249], length: 174
    - Rows [1207253, 1213892], length: 6640
    - Rows [1218585, 1218712], length: 128
    - Rows [1218770, 1218904], length: 135
    - Rows [1220111, 1220275], length: 165
    - Rows [1220478, 1220796], length: 319
    - Rows [1220914, 1221195], length: 282
    - Rows [1221196, 1221346], length: 151
    - Rows [1221350, 1221936], length: 587
    - Rows [1222017, 1227038], length: 5022
    - Rows [1231655, 1231789], length: 135
    - Rows [1232476, 1232617], length: 142
    - Rows [1233074, 1233263], length: 190
    - Rows [1233337, 1233528], length: 192
    - Rows [1233775, 1234120], length: 346
    - Rows [1234196, 1234362], length: 167
    - Rows [1234401, 1234600], length: 200
    - Rows [1234604, 1234945], length: 342
    - Rows [1234996, 1235209], length: 214
    - Rows [1235213, 1235696], length: 484
    - Rows [1235700, 1240178], length: 4479
    - Rows [1243767, 1243931], length: 165
    - Rows [1244823, 1245115], length: 293
    - Rows [1245263, 1245545], length: 283
    - Rows [1245898, 1247090], length: 1193
    - Rows [1247091, 1252570], length: 5480
    - Rows [1256529, 1256695], length: 167
    - Rows [1257035, 1257256], length: 222
    - Rows [1257353, 1257488], length: 136
    - Rows [1257489, 1257695], length: 207
    - Rows [1257898, 1260764], length: 2867
    - Rows [1260765, 1264975], length: 4211
    - Rows [1270383, 1270574], length: 192
    - Rows [1270575, 1270798], length: 224
    - Rows [1270799, 1270960], length: 162
    - Rows [1271009, 1271259], length: 251
    - Rows [1271260, 1271459], length: 200
    - Rows [1271463, 1271664], length: 202
    - Rows [1271834, 1272588], length: 755
    - Rows [1272592, 1272749], length: 158
    - Rows [1272750, 1272992], length: 243
    - Rows [1272993, 1278107], length: 5115
    - Rows [1283372, 1283592], length: 221
    - Rows [1284221, 1284367], length: 147
    - Rows [1284849, 1284977], length: 129
    - Rows [1285073, 1285213], length: 141
    - Rows [1285457, 1285610], length: 154
    - Rows [1285614, 1286366], length: 753
    - Rows [1286414, 1286575], length: 162
    - Rows [1286582, 1286711], length: 130
    - Rows [1286712, 1286906], length: 195
    - Rows [1286910, 1287098], length: 189
    - Rows [1287113, 1291219], length: 4107
    - Rows [1293413, 1293552], length: 140
    - Rows [1294539, 1294904], length: 366
    - Rows [1294949, 1295353], length: 405
    - Rows [1295354, 1295744], length: 391
    - Rows [1295745, 1296046], length: 302
    - Rows [1296050, 1296298], length: 249
    - Rows [1296302, 1303604], length: 7303
    - Rows [1309784, 1309916], length: 133
    - Rows [1311057, 1311358], length: 302
    - Rows [1311359, 1311536], length: 178
    - Rows [1311537, 1312275], length: 739
    - Rows [1312276, 1312643], length: 368
    - Rows [1312647, 1313231], length: 585
    - Rows [1313232, 1314616], length: 1385
    - Rows [1314617, 1316743], length: 2127
    - Rows [1319002, 1319261], length: 260
    - Rows [1319290, 1319495], length: 206
    - Rows [1319801, 1319932], length: 132
    - Rows [1319936, 1320164], length: 229
    - Rows [1320165, 1320375], length: 211
    - Rows [1320376, 1320574], length: 199
    - Rows [1320587, 1320916], length: 330
    - Rows [1320920, 1321114], length: 195
    - Rows [1321118, 1321534], length: 417
    - Rows [1321607, 1322776], length: 1170
    - Rows [1322777, 1324376], length: 1600
    - Rows [1324380, 1324859], length: 480
    - Rows [1324871, 1325330], length: 460
    - Rows [1325331, 1329881], length: 4551
    - Rows [1336047, 1336273], length: 227
    - Rows [1336376, 1336689], length: 314
    - Rows [1336693, 1336908], length: 216
    - Rows [1337022, 1337185], length: 164
    - Rows [1337186, 1338008], length: 823
    - Rows [1338009, 1343029], length: 5021
    - Rows [1347740, 1347990], length: 251
    - Rows [1348581, 1349467], length: 887
    - Rows [1349468, 1349837], length: 370
    - Rows [1349838, 1355910], length: 6073
    - Rows [1361532, 1361784], length: 253
    - Rows [1361932, 1364846], length: 2915
    - Rows [1364847, 1368296], length: 3450
    - Rows [1373034, 1373288], length: 255
    - Rows [1373501, 1373723], length: 223
    - Rows [1373770, 1374293], length: 524
    - Rows [1374294, 1377228], length: 2935
    - Rows [1377229, 1380691], length: 3463
    - Rows [1384894, 1385033], length: 140
    - Rows [1385493, 1385625], length: 133
    - Rows [1385738, 1386160], length: 423
    - Rows [1386184, 1386399], length: 216
    - Rows [1386592, 1386757], length: 166
    - Rows [1386758, 1387732], length: 975
    - Rows [1387806, 1388264], length: 459
    - Rows [1388265, 1388988], length: 724
    - Rows [1388989, 1389393], length: 405
    - Rows [1389397, 1393672], length: 4276
    - Rows [1397649, 1397911], length: 263
    - Rows [1398060, 1398263], length: 204
    - Rows [1398267, 1398398], length: 132
    - Rows [1398444, 1398580], length: 137
    - Rows [1398584, 1398990], length: 407
    - Rows [1398996, 1399243], length: 248
    - Rows [1399244, 1399484], length: 241
    - Rows [1399485, 1399702], length: 218
    - Rows [1399703, 1399895], length: 193
    - Rows [1399946, 1400440], length: 495
    - Rows [1400444, 1406056], length: 5613
    - Rows [1411292, 1411500], length: 209
    - Rows [1411632, 1411820], length: 189
    - Rows [1411885, 1412087], length: 203
    - Rows [1412422, 1412573], length: 152
    - Rows [1412730, 1412928], length: 199
    - Rows [1412942, 1413081], length: 140
    - Rows [1413082, 1413253], length: 172
    - Rows [1413281, 1413411], length: 131
    - Rows [1413460, 1413852], length: 393
    - Rows [1413853, 1416751], length: 2899
    - Rows [1416752, 1419195], length: 2444
    - Rows [1423522, 1423826], length: 305
    - Rows [1423827, 1424013], length: 187
    - Rows [1424017, 1424373], length: 357
    - Rows [1424377, 1424968], length: 592
    - Rows [1424969, 1431584], length: 6616
    - Rows [1436157, 1436332], length: 176
    - Rows [1436333, 1436554], length: 222
    - Rows [1436592, 1436771], length: 180
    - Rows [1437040, 1437481], length: 442
    - Rows [1437567, 1437860], length: 294
    - Rows [1437864, 1438169], length: 306
    - Rows [1438173, 1439146], length: 974
    - Rows [1439150, 1443970], length: 4821
    - Rows [1448222, 1448349], length: 128
    - Rows [1448591, 1448927], length: 337
    - Rows [1449051, 1449330], length: 280
    - Rows [1449331, 1449481], length: 151
    - Rows [1449485, 1449662], length: 178
    - Rows [1449666, 1449929], length: 264
    - Rows [1449930, 1450484], length: 555
    - Rows [1450655, 1451168], length: 514
    - Rows [1451169, 1456354], length: 5186
    - Rows [1459136, 1459284], length: 149
    - Rows [1460439, 1460576], length: 138
    - Rows [1460953, 1461278], length: 326
    - Rows [1461390, 1461912], length: 523
    - Rows [1461916, 1462120], length: 205
    - Rows [1462124, 1462309], length: 186
    - Rows [1462376, 1463871], length: 1496
    - Rows [1463875, 1468742], length: 4868
    - Rows [1474102, 1474279], length: 178
    - Rows [1474290, 1474462], length: 173
    - Rows [1474577, 1475109], length: 533
    - Rows [1475110, 1475553], length: 444
    - Rows [1475557, 1476274], length: 718
    - Rows [1476278, 1481877], length: 5600
    - Rows [1487343, 1487521], length: 179
    - Rows [1487522, 1487756], length: 235
    - Rows [1487790, 1487950], length: 161
    - Rows [1488307, 1488551], length: 245
    - Rows [1488552, 1488942], length: 391
    - Rows [1488943, 1489103], length: 161
    - Rows [1489113, 1489660], length: 548
    - Rows [1489664, 1489871], length: 208
    - Rows [1489875, 1490118], length: 244
    - Rows [1490194, 1491064], length: 871
    - Rows [1491065, 1495013], length: 3949
    - Rows [1497752, 1497895], length: 144
    - Rows [1498776, 1498928], length: 153
    - Rows [1499239, 1499451], length: 213
    - Rows [1499455, 1499586], length: 132
    - Rows [1499752, 1499973], length: 222
    - Rows [1500284, 1500506], length: 223
    - Rows [1500536, 1500787], length: 252
    - Rows [1501029, 1501201], length: 173
    - Rows [1501202, 1501539], length: 338
    - Rows [1501700, 1501839], length: 140
    - Rows [1501843, 1502370], length: 528
    - Rows [1502371, 1502828], length: 458
    - Rows [1502854, 1503703], length: 850
    - Rows [1503704, 1508153], length: 4450
    - Rows [1511431, 1511571], length: 141
    - Rows [1512336, 1512543], length: 208
    - Rows [1512683, 1513025], length: 343
    - Rows [1513289, 1513778], length: 490
    - Rows [1513779, 1514430], length: 652
    - Rows [1514431, 1515267], length: 837
    - Rows [1515320, 1518027], length: 2708
    - Rows [1518028, 1520533], length: 2506
    - Rows [1525145, 1525337], length: 193
    - Rows [1525571, 1525716], length: 146
    - Rows [1526515, 1526678], length: 164
    - Rows [1526888, 1527224], length: 337
    - Rows [1527228, 1532954], length: 5727
    - Rows [1537839, 1537967], length: 129
    - Rows [1538722, 1538902], length: 181
    - Rows [1538918, 1539127], length: 210
    - Rows [1539128, 1539462], length: 335
    - Rows [1539701, 1540720], length: 1020
    - Rows [1540724, 1545344], length: 4621
    - Rows [1550996, 1551162], length: 167
    - Rows [1551534, 1551661], length: 128
    - Rows [1551665, 1551831], length: 167
    - Rows [1551889, 1552018], length: 130
    - Rows [1552104, 1552347], length: 244
    - Rows [1552348, 1552531], length: 184
    - Rows [1552717, 1553267], length: 551
    - Rows [1553268, 1558486], length: 5219
    - Rows [1563041, 1563170], length: 130
    - Rows [1563597, 1563746], length: 150
    - Rows [1563858, 1564053], length: 196
    - Rows [1564279, 1564474], length: 196
    - Rows [1564821, 1564988], length: 168
    - Rows [1564989, 1565443], length: 455
    - Rows [1565547, 1566177], length: 631
    - Rows [1566178, 1570874], length: 4697
    - Rows [1575099, 1575271], length: 173
    - Rows [1575558, 1575692], length: 135
    - Rows [1576013, 1576171], length: 159
    - Rows [1576175, 1576449], length: 275
    - Rows [1576515, 1578696], length: 2182
    - Rows [1578700, 1583259], length: 4560
    - Rows [1587601, 1587757], length: 157
    - Rows [1588230, 1588377], length: 148
    - Rows [1588626, 1588810], length: 185
    - Rows [1589043, 1589228], length: 186
    - Rows [1589286, 1589518], length: 233
    - Rows [1589534, 1595659], length: 6126
    - Rows [1601408, 1601623], length: 216
    - Rows [1601629, 1601885], length: 257
    - Rows [1601896, 1602029], length: 134
    - Rows [1602408, 1602590], length: 183
    - Rows [1602594, 1603316], length: 723
    - Rows [1603317, 1603872], length: 556
    - Rows [1603873, 1608029], length: 4157
    - Rows [1611851, 1611989], length: 139
    - Rows [1612783, 1612961], length: 179
    - Rows [1613053, 1613238], length: 186
    - Rows [1613461, 1613794], length: 334
    - Rows [1613795, 1614292], length: 498
    - Rows [1614296, 1614459], length: 164
    - Rows [1614463, 1620444], length: 5982
    - Rows [1625008, 1625262], length: 255
    - Rows [1625263, 1625414], length: 152
    - Rows [1625536, 1625798], length: 263
    - Rows [1625802, 1625994], length: 193
    - Rows [1626147, 1626402], length: 256
    - Rows [1626471, 1632803], length: 6333

Runtime log:
Starting BSGCN simulation...
Dataset directory: /home/zhangshangtong/Window_algorithm/GCNAX/Nowtest/datasets/txt_file/pokec
Dataset summary -> nodes: 1632804, directed edges: 30622564, undirected edges: 22301964, avg degree: 27.32
Key configuration parameters:
  - T_ABS: 30, smoothing window: 3 (mode: mean)
  - T_BAND: 128
  - HDN Top-K per partition: 4096, requested partitions: 128
  - HDN-SPM size: 512 KB, Global Cache size: 32 KB
  - SMB size: 12 KB, Index CAM size: 12 KB
  - Feature length: 16 (dtype bytes: 8), MAC array shape: (1, 16)
  - Large band profiling rows: 32, window shapes: [(8, 1), (4, 2), (2, 4), (1, 8)]
Performing Metis reordering...
Metis reordering with 128 parts complete.
Partition sizes (after Metis reorder): [12389, 13139, 12647, 12390, 12386, 13105, 13139, 13136, 13139, 13139, 13134, 13137, 13139, 12387, 13139, 12389, 13139, 13138, 12387, 13139, 13139, 13128, 12883, 13026, 13139, 13139, 13139, 13135, 13139, 13139, 12393, 13139, 12385, 12393, 13139, 12386, 13138, 12389, 13139, 12392, 13139, 12385, 13139, 12384, 12386, 12385, 12387, 12386, 13139, 13139, 13107, 12390, 13139, 12395, 12384, 12385, 13139, 12384, 12384, 13139, 13139, 12384, 13139, 12386, 12385, 12387, 13134, 13139, 12389, 12384, 13042, 12384, 12607, 12385, 12386, 12384, 12388, 12384, 12529, 13139, 13139, 12388, 13106, 13139, 12386, 12511, 13139, 12390, 12532, 13139, 13139, 13134, 13137, 12385, 12384, 13137, 13138, 12387, 12387, 13139, 13139, 12384, 13139, 13137, 13137, 12895, 12386, 12394, 12982, 12384, 13138, 12384, 12392, 12384, 12385, 13135, 13139, 13139, 12381, 12419, 12389, 13139, 12393, 12384, 12384, 12387, 12388, 12386]
Identifying HDNs using local partition-wise strategy...
Identified 524288 unique HDNs across all partitions.
Partitioning matrix into bands...

--- Band Statistics ---
Total number of bands: 75552
Number of small bands: 74518
Number of large bands: 1034

LDN distribution across bands:
  - Small bands: 263739 LDNs (23.79% of all LDNs)
  - Large bands: 844777 LDNs (76.21% of all LDNs)

HDN distribution across bands:
  - Small bands: 398169 HDNs (75.94% of all HDNs)
  - Large bands: 126119 HDNs (24.06% of all HDNs)
Processed 74518 small bands and 1034 large bands

Simulation complete. Final statistics will be reported.

--- Simulation Statistics Report ---
Total Execution Cycles: 1122455901.0
Total DRAM Data Read: 1256.02 MB

Cycle Breakdown:
  - hdn_spm_access: 34056470 cycles (3.03%)
  - computation: 55716844.0 cycles (4.96%)
  - dram_access: 1028934000 cycles (91.67%)
  - glc_access: 3748587 cycles (0.33%)

Cache Performance:
  - HDN-SPM: 15534271/44603928 hits (34.83% hit rate)
  - Global Cache: 258118/3748587 hits (6.89% hit rate)
    (LDN accesses in large bands: 3748587)
--- End of Report ---
